<?xml version="1.0" encoding="UTF-8"?>
<!-- Generated by org.testng.reporters.JUnitReportReporter -->
<testsuite skipped="0" hostname="user-PC" name="SETests.AlertAndModalsTest" tests="1" failures="0" timestamp="23 Apr 2020 05:13:25 GMT" time="13.244" errors="0">
  <testcase name="JavaScriptConfirmTextTest" time="13.244" classname="SETests.AlertAndModalsTest"/>
</testsuite> <!-- SETests.AlertAndModalsTest -->
