<?xml version="1.0" encoding="UTF-8"?>
<!-- Generated by org.testng.reporters.JUnitReportReporter -->
<testsuite skipped="1" hostname="user-PC" name="SETests.InputformTest" tests="1" failures="0" timestamp="17 May 2020 11:58:46 GMT" time="0.000" errors="0">
  <testcase name="InputformTest" time="0.000" classname="SETests.InputformTest">
    <skipped/>
  </testcase> <!-- InputformTest -->
</testsuite> <!-- SETests.InputformTest -->
