<?xml version="1.0" encoding="UTF-8"?>
<!-- Generated by org.testng.reporters.JUnitReportReporter -->
<testsuite skipped="0" hostname="user-PC" name="SETests.SimpleFormTest" tests="1" failures="0" timestamp="17 Apr 2020 14:42:00 GMT" time="12.800" errors="0">
  <testcase name="SFHeader" time="12.800" classname="SETests.SimpleFormTest"/>
</testsuite> <!-- SETests.SimpleFormTest -->
