<?xml version="1.0" encoding="UTF-8"?>
<!-- Generated by org.testng.reporters.JUnitReportReporter -->
<testsuite skipped="0" hostname="user-PC" name="SETests.HomepageTest" tests="1" failures="0" timestamp="18 May 2020 15:35:55 GMT" time="26.401" errors="0">
  <testcase name="HomeTest" time="26.401" classname="SETests.HomepageTest"/>
</testsuite> <!-- SETests.HomepageTest -->
